<?xml version="1.0" encoding="UTF-8"?>
<!-- Generated by org.testng.reporters.JUnitXMLReporter -->
<testsuite ignored="0" hostname="AkilaBaskar" failures="0" tests="5" name="Default test" time="25.923" errors="0" timestamp="2022-03-20T00:35:35 IST">
  <testcase classname="com.Adactin.Testcase.adactinmodelTest" name="login" time="1.86"/>
  <testcase classname="com.Adactin.Testcase.adactinmodelTest" name="searchHotel" time="2.137"/>
  <testcase classname="com.Adactin.Testcase.adactinmodelTest" name="Select_Hotel" time="0.862"/>
  <testcase classname="com.Adactin.Testcase.adactinmodelTest" name="Booking_Hotel" time="1.65"/>
  <testcase classname="com.Adactin.Testcase.adactinmodelTest" name="Booking_Confirmation" time="5.863"/>
</testsuite> <!-- Default test -->
