<?xml version="1.0" encoding="UTF-8"?>
<!-- Generated by org.testng.reporters.JUnitXMLReporter -->
<testsuite ignored="0" hostname="AkilaBaskar" failures="0" tests="5" name="Surefire test" time="31.401" errors="0" timestamp="2022-03-23T09:28:37 IST">
  <testcase classname="com.Adactin.Testcase.adactinmodelTest" name="login" time="5.108"/>
  <testcase classname="com.Adactin.Testcase.adactinmodelTest" name="searchHotel" time="5.043"/>
  <testcase classname="com.Adactin.Testcase.adactinmodelTest" name="Select_Hotel" time="5.029"/>
  <testcase classname="com.Adactin.Testcase.adactinmodelTest" name="Booking_Hotel" time="5.017"/>
  <testcase classname="com.Adactin.Testcase.adactinmodelTest" name="Booking_Confirmation" time="5.335"/>
</testsuite> <!-- Surefire test -->
