<?xml version="1.0" encoding="UTF-8"?>
<testng-results ignored="0" total="5" passed="5" failed="0" skipped="0">
  <reporter-output>
  </reporter-output>
  <suite started-at="2022-03-23T09:28:05 IST" name="Surefire suite" finished-at="2022-03-23T09:28:37 IST" duration-ms="31401">
    <groups>
    </groups>
    <test started-at="2022-03-23T09:28:05 IST" name="Surefire test" finished-at="2022-03-23T09:28:37 IST" duration-ms="31401">
      <class name="com.Adactin.Testcase.adactinmodelTest">
        <test-method is-config="true" signature="url_launch()[pri:0, instance:com.Adactin.Testcase.adactinmodelTest@7c18432b]" started-at="2022-03-23T09:28:05 IST" name="url_launch" finished-at="2022-03-23T09:28:11 IST" duration-ms="5174" status="PASS">
          <reporter-output>
          </reporter-output>
        </test-method> <!-- url_launch -->
        <test-method signature="login()[pri:0, instance:com.Adactin.Testcase.adactinmodelTest@7c18432b]" started-at="2022-03-23T09:28:11 IST" name="login" finished-at="2022-03-23T09:28:16 IST" duration-ms="5108" status="PASS">
          <reporter-output>
          </reporter-output>
        </test-method> <!-- login -->
        <test-method signature="searchHotel()[pri:0, instance:com.Adactin.Testcase.adactinmodelTest@7c18432b]" started-at="2022-03-23T09:28:16 IST" name="searchHotel" finished-at="2022-03-23T09:28:21 IST" depends-on-methods="com.Adactin.Testcase.adactinmodelTest.login" duration-ms="5043" status="PASS">
          <reporter-output>
          </reporter-output>
        </test-method> <!-- searchHotel -->
        <test-method signature="Select_Hotel()[pri:0, instance:com.Adactin.Testcase.adactinmodelTest@7c18432b]" started-at="2022-03-23T09:28:21 IST" name="Select_Hotel" finished-at="2022-03-23T09:28:26 IST" depends-on-methods="com.Adactin.Testcase.adactinmodelTest.searchHotel" duration-ms="5029" status="PASS">
          <reporter-output>
          </reporter-output>
        </test-method> <!-- Select_Hotel -->
        <test-method signature="Booking_Hotel()[pri:0, instance:com.Adactin.Testcase.adactinmodelTest@7c18432b]" started-at="2022-03-23T09:28:26 IST" name="Booking_Hotel" finished-at="2022-03-23T09:28:31 IST" depends-on-methods="com.Adactin.Testcase.adactinmodelTest.Select_Hotel" duration-ms="5017" status="PASS">
          <reporter-output>
          </reporter-output>
        </test-method> <!-- Booking_Hotel -->
        <test-method signature="Booking_Confirmation()[pri:0, instance:com.Adactin.Testcase.adactinmodelTest@7c18432b]" started-at="2022-03-23T09:28:31 IST" name="Booking_Confirmation" finished-at="2022-03-23T09:28:36 IST" depends-on-methods="com.Adactin.Testcase.adactinmodelTest.Booking_Hotel" duration-ms="5335" status="PASS">
          <reporter-output>
          </reporter-output>
        </test-method> <!-- Booking_Confirmation -->
        <test-method is-config="true" signature="tearDown()[pri:0, instance:com.Adactin.Testcase.adactinmodelTest@7c18432b]" started-at="2022-03-23T09:28:36 IST" name="tearDown" finished-at="2022-03-23T09:28:37 IST" duration-ms="632" status="PASS">
          <reporter-output>
          </reporter-output>
        </test-method> <!-- tearDown -->
      </class> <!-- com.Adactin.Testcase.adactinmodelTest -->
    </test> <!-- Surefire test -->
  </suite> <!-- Surefire suite -->
</testng-results>
